2022-06-16 11:20:00,745 |$| ERROR |$| File:db.py |$| Line:453 |$| Error: '1364 (HY000): Field 'first_name' doesn't have a default value'
2022-06-16 11:20:00,747 |$| ERROR |$| File:db.py |$| Line:453 |$| Error: '1054 (42S22): Unknown column 'NOT_A_COLUMN' in 'field list''
2022-06-16 11:20:32,057 |$| ERROR |$| File:db.py |$| Line:453 |$| Error: '1364 (HY000): Field 'first_name' doesn't have a default value'
2022-06-16 11:20:32,061 |$| ERROR |$| File:db.py |$| Line:453 |$| Error: '1054 (42S22): Unknown column 'NOT_A_COLUMN' in 'field list''
2022-06-16 11:20:51,619 |$| ERROR |$| File:db.py |$| Line:453 |$| Error: '1364 (HY000): Field 'first_name' doesn't have a default value'
2022-06-16 11:20:51,628 |$| ERROR |$| File:db.py |$| Line:453 |$| Error: '1054 (42S22): Unknown column 'NOT_A_COLUMN' in 'field list''
2022-06-16 11:22:26,837 |$| ERROR |$| File:db.py |$| Line:979 |$| Error: '1064 (42000): You have an error in your SQL syntax; check the manual that corresponds to your MySQL server version for the right syntax to use near '(INVALID QUERY) quantity = quantity + 2 WHERE order_id = '7'' at line 1'
2022-06-16 11:22:27,498 |$| ERROR |$| File:db.py |$| Line:998 |$| Error: '1064 (42000): You have an error in your SQL syntax; check the manual that corresponds to your MySQL server version for the right syntax to use near '(INVALID QUERY) WHERE last_name = 'p%'' at line 1'
2022-06-16 11:22:31,638 |$| ERROR |$| File:db.py |$| Line:963 |$| Error: '1064 (42000): You have an error in your SQL syntax; check the manual that corresponds to your MySQL server version for the right syntax to use near 'This doesn't make sense' at line 1'
2022-06-16 11:22:32,417 |$| ERROR |$| File:db.py |$| Line:423 |$| Error: '1049 (42000): Unknown database 'None''
2022-06-16 11:22:32,485 |$| ERROR |$| File:db.py |$| Line:423 |$| Error: '1146 (42S02): Table 'store.None' doesn't exist'
2022-06-16 11:22:32,555 |$| ERROR |$| File:db.py |$| Line:423 |$| Error: '1049 (42000): Unknown database 'None''
2022-06-16 11:25:15,172 |$| ERROR |$| File:db.py |$| Line:979 |$| Error: '1064 (42000): You have an error in your SQL syntax; check the manual that corresponds to your MySQL server version for the right syntax to use near '(INVALID QUERY) quantity = quantity + 2 WHERE order_id = '7'' at line 1'
2022-06-16 11:25:16,309 |$| ERROR |$| File:db.py |$| Line:998 |$| Error: '1064 (42000): You have an error in your SQL syntax; check the manual that corresponds to your MySQL server version for the right syntax to use near '(INVALID QUERY) WHERE last_name = 'p%'' at line 1'
2022-06-16 11:25:19,164 |$| ERROR |$| File:db.py |$| Line:963 |$| Error: '1064 (42000): You have an error in your SQL syntax; check the manual that corresponds to your MySQL server version for the right syntax to use near 'This doesn't make sense' at line 1'
2022-06-16 11:25:19,868 |$| ERROR |$| File:db.py |$| Line:423 |$| Error: '1049 (42000): Unknown database 'None''
2022-06-16 11:25:19,937 |$| ERROR |$| File:db.py |$| Line:423 |$| Error: '1146 (42S02): Table 'store.None' doesn't exist'
2022-06-16 11:25:20,060 |$| ERROR |$| File:db.py |$| Line:423 |$| Error: '1049 (42000): Unknown database 'None''
2022-06-16 11:27:58,810 |$| ERROR |$| File:db.py |$| Line:979 |$| Error: '1064 (42000): You have an error in your SQL syntax; check the manual that corresponds to your MySQL server version for the right syntax to use near '(INVALID QUERY) quantity = quantity + 2 WHERE order_id = '7'' at line 1'
2022-06-16 11:28:00,374 |$| ERROR |$| File:db.py |$| Line:998 |$| Error: '1064 (42000): You have an error in your SQL syntax; check the manual that corresponds to your MySQL server version for the right syntax to use near '(INVALID QUERY) WHERE last_name = 'p%'' at line 1'
2022-06-16 11:28:03,882 |$| ERROR |$| File:db.py |$| Line:963 |$| Error: '1064 (42000): You have an error in your SQL syntax; check the manual that corresponds to your MySQL server version for the right syntax to use near 'This doesn't make sense' at line 1'
2022-06-16 11:28:04,688 |$| ERROR |$| File:db.py |$| Line:423 |$| Error: '1049 (42000): Unknown database 'None''
2022-06-16 11:28:04,753 |$| ERROR |$| File:db.py |$| Line:423 |$| Error: '1146 (42S02): Table 'store.None' doesn't exist'
2022-06-16 11:28:04,829 |$| ERROR |$| File:db.py |$| Line:423 |$| Error: '1049 (42000): Unknown database 'None''
2022-06-16 11:29:28,119 |$| ERROR |$| File:db.py |$| Line:979 |$| Error: '1064 (42000): You have an error in your SQL syntax; check the manual that corresponds to your MySQL server version for the right syntax to use near '(INVALID QUERY) quantity = quantity + 2 WHERE order_id = '7'' at line 1'
2022-06-16 11:29:29,526 |$| ERROR |$| File:db.py |$| Line:998 |$| Error: '1064 (42000): You have an error in your SQL syntax; check the manual that corresponds to your MySQL server version for the right syntax to use near '(INVALID QUERY) WHERE last_name = 'p%'' at line 1'
2022-06-16 11:29:32,597 |$| ERROR |$| File:db.py |$| Line:963 |$| Error: '1064 (42000): You have an error in your SQL syntax; check the manual that corresponds to your MySQL server version for the right syntax to use near 'This doesn't make sense' at line 1'
2022-06-16 11:29:33,471 |$| ERROR |$| File:db.py |$| Line:423 |$| Error: '1049 (42000): Unknown database 'None''
2022-06-16 11:29:33,529 |$| ERROR |$| File:db.py |$| Line:423 |$| Error: '1146 (42S02): Table 'store.None' doesn't exist'
2022-06-16 11:29:33,598 |$| ERROR |$| File:db.py |$| Line:423 |$| Error: '1049 (42000): Unknown database 'None''
2022-06-16 11:29:43,599 |$| ERROR |$| File:db.py |$| Line:839 |$| Error: '1064 (42000): You have an error in your SQL syntax; check the manual that corresponds to your MySQL server version for the right syntax to use near '2'' AND is_deleted=0' at line 1'
2022-06-16 11:29:44,468 |$| ERROR |$| File:db.py |$| Line:792 |$| Error: '1064 (42000): You have an error in your SQL syntax; check the manual that corresponds to your MySQL server version for the right syntax to use near '= '2' AND is_deleted='0'' at line 1'
2022-06-16 11:29:44,497 |$| ERROR |$| File:db.py |$| Line:792 |$| Error: '1064 (42000): You have an error in your SQL syntax; check the manual that corresponds to your MySQL server version for the right syntax to use near 'shouldn't make sense AND is_deleted='0'' at line 1'
2022-06-16 11:29:46,921 |$| ERROR |$| File:db.py |$| Line:724 |$| Error: '1054 (42S22): Unknown column 'not_a_column' in 'where clause''
2022-06-16 11:29:46,936 |$| ERROR |$| File:db.py |$| Line:724 |$| Error: '1064 (42000): You have an error in your SQL syntax; check the manual that corresponds to your MySQL server version for the right syntax to use near '='4' AND is_deleted=0' at line 1'
2022-06-16 11:29:50,492 |$| ERROR |$| File:db.py |$| Line:453 |$| Error: '1364 (HY000): Field 'first_name' doesn't have a default value'
2022-06-16 11:29:50,493 |$| ERROR |$| File:db.py |$| Line:453 |$| Error: '1364 (HY000): Field 'last_name' doesn't have a default value'
2022-06-16 11:29:50,495 |$| ERROR |$| File:db.py |$| Line:453 |$| Error: '1054 (42S22): Unknown column 'extra_column' in 'field list''
2022-06-16 11:29:56,200 |$| ERROR |$| File:db.py |$| Line:920 |$| Error: '1064 (42000): You have an error in your SQL syntax; check the manual that corresponds to your MySQL server version for the right syntax to use near 'WHERE customer_id = 2' at line 1'
2022-06-16 11:29:57,275 |$| ERROR |$| File:db.py |$| Line:963 |$| Error: '1064 (42000): You have an error in your SQL syntax; check the manual that corresponds to your MySQL server version for the right syntax to use near 'WHERE age > '34'' at line 1'
2022-06-16 11:29:57,291 |$| ERROR |$| File:db.py |$| Line:963 |$| Error: '1064 (42000): You have an error in your SQL syntax; check the manual that corresponds to your MySQL server version for the right syntax to use near 'This doesn't make sense' at line 1'
2022-06-16 11:29:58,390 |$| ERROR |$| File:db.py |$| Line:453 |$| Error: '1364 (HY000): Field 'first_name' doesn't have a default value'
2022-06-16 11:29:58,391 |$| ERROR |$| File:db.py |$| Line:453 |$| Error: '1054 (42S22): Unknown column 'NOT_A_COLUMN' in 'field list''
2022-06-16 11:30:21,871 |$| ERROR |$| File:db.py |$| Line:979 |$| Error: '1064 (42000): You have an error in your SQL syntax; check the manual that corresponds to your MySQL server version for the right syntax to use near '(INVALID QUERY) quantity = quantity + 2 WHERE order_id = '7'' at line 1'
2022-06-16 11:30:22,774 |$| ERROR |$| File:db.py |$| Line:998 |$| Error: '1064 (42000): You have an error in your SQL syntax; check the manual that corresponds to your MySQL server version for the right syntax to use near '(INVALID QUERY) WHERE last_name = 'p%'' at line 1'
2022-06-16 11:30:27,167 |$| ERROR |$| File:db.py |$| Line:963 |$| Error: '1064 (42000): You have an error in your SQL syntax; check the manual that corresponds to your MySQL server version for the right syntax to use near 'This doesn't make sense' at line 1'
2022-06-16 11:30:27,897 |$| ERROR |$| File:db.py |$| Line:423 |$| Error: '1049 (42000): Unknown database 'None''
2022-06-16 11:30:27,997 |$| ERROR |$| File:db.py |$| Line:423 |$| Error: '1146 (42S02): Table 'store.None' doesn't exist'
2022-06-16 11:30:28,092 |$| ERROR |$| File:db.py |$| Line:423 |$| Error: '1049 (42000): Unknown database 'None''
2022-06-16 11:30:37,027 |$| ERROR |$| File:db.py |$| Line:839 |$| Error: '1064 (42000): You have an error in your SQL syntax; check the manual that corresponds to your MySQL server version for the right syntax to use near '2'' AND is_deleted=0' at line 1'
2022-06-16 11:30:37,889 |$| ERROR |$| File:db.py |$| Line:792 |$| Error: '1064 (42000): You have an error in your SQL syntax; check the manual that corresponds to your MySQL server version for the right syntax to use near '= '2' AND is_deleted='0'' at line 1'
2022-06-16 11:30:37,917 |$| ERROR |$| File:db.py |$| Line:792 |$| Error: '1064 (42000): You have an error in your SQL syntax; check the manual that corresponds to your MySQL server version for the right syntax to use near 'shouldn't make sense AND is_deleted='0'' at line 1'
2022-06-16 11:30:40,737 |$| ERROR |$| File:db.py |$| Line:724 |$| Error: '1054 (42S22): Unknown column 'not_a_column' in 'where clause''
2022-06-16 11:30:40,753 |$| ERROR |$| File:db.py |$| Line:724 |$| Error: '1064 (42000): You have an error in your SQL syntax; check the manual that corresponds to your MySQL server version for the right syntax to use near '='4' AND is_deleted=0' at line 1'
2022-06-16 11:30:44,238 |$| ERROR |$| File:db.py |$| Line:453 |$| Error: '1364 (HY000): Field 'first_name' doesn't have a default value'
2022-06-16 11:30:44,239 |$| ERROR |$| File:db.py |$| Line:453 |$| Error: '1364 (HY000): Field 'last_name' doesn't have a default value'
2022-06-16 11:30:44,241 |$| ERROR |$| File:db.py |$| Line:453 |$| Error: '1054 (42S22): Unknown column 'extra_column' in 'field list''
2022-06-16 11:30:55,712 |$| ERROR |$| File:db.py |$| Line:920 |$| Error: '1064 (42000): You have an error in your SQL syntax; check the manual that corresponds to your MySQL server version for the right syntax to use near 'WHERE customer_id = 2' at line 1'
2022-06-16 11:30:57,175 |$| ERROR |$| File:db.py |$| Line:963 |$| Error: '1064 (42000): You have an error in your SQL syntax; check the manual that corresponds to your MySQL server version for the right syntax to use near 'WHERE age > '34'' at line 1'
2022-06-16 11:30:57,190 |$| ERROR |$| File:db.py |$| Line:963 |$| Error: '1064 (42000): You have an error in your SQL syntax; check the manual that corresponds to your MySQL server version for the right syntax to use near 'This doesn't make sense' at line 1'
2022-06-16 11:30:58,282 |$| ERROR |$| File:db.py |$| Line:453 |$| Error: '1364 (HY000): Field 'first_name' doesn't have a default value'
2022-06-16 11:30:58,283 |$| ERROR |$| File:db.py |$| Line:453 |$| Error: '1054 (42S22): Unknown column 'NOT_A_COLUMN' in 'field list''
2022-06-16 11:31:44,857 |$| ERROR |$| File:db.py |$| Line:979 |$| Error: '1064 (42000): You have an error in your SQL syntax; check the manual that corresponds to your MySQL server version for the right syntax to use near '(INVALID QUERY) quantity = quantity + 2 WHERE order_id = '7'' at line 1'
2022-06-16 11:31:45,970 |$| ERROR |$| File:db.py |$| Line:998 |$| Error: '1064 (42000): You have an error in your SQL syntax; check the manual that corresponds to your MySQL server version for the right syntax to use near '(INVALID QUERY) WHERE last_name = 'p%'' at line 1'
2022-06-16 11:31:49,059 |$| ERROR |$| File:db.py |$| Line:963 |$| Error: '1064 (42000): You have an error in your SQL syntax; check the manual that corresponds to your MySQL server version for the right syntax to use near 'This doesn't make sense' at line 1'
2022-06-16 11:31:49,767 |$| ERROR |$| File:db.py |$| Line:423 |$| Error: '1049 (42000): Unknown database 'None''
2022-06-16 11:31:49,835 |$| ERROR |$| File:db.py |$| Line:423 |$| Error: '1146 (42S02): Table 'store.None' doesn't exist'
2022-06-16 11:31:50,008 |$| ERROR |$| File:db.py |$| Line:423 |$| Error: '1049 (42000): Unknown database 'None''
2022-06-16 11:32:05,352 |$| ERROR |$| File:db.py |$| Line:839 |$| Error: '1064 (42000): You have an error in your SQL syntax; check the manual that corresponds to your MySQL server version for the right syntax to use near '2'' AND is_deleted=0' at line 1'
2022-06-16 11:32:06,801 |$| ERROR |$| File:db.py |$| Line:792 |$| Error: '1064 (42000): You have an error in your SQL syntax; check the manual that corresponds to your MySQL server version for the right syntax to use near '= '2' AND is_deleted='0'' at line 1'
2022-06-16 11:32:06,830 |$| ERROR |$| File:db.py |$| Line:792 |$| Error: '1064 (42000): You have an error in your SQL syntax; check the manual that corresponds to your MySQL server version for the right syntax to use near 'shouldn't make sense AND is_deleted='0'' at line 1'
2022-06-16 11:32:09,620 |$| ERROR |$| File:db.py |$| Line:724 |$| Error: '1054 (42S22): Unknown column 'not_a_column' in 'where clause''
2022-06-16 11:32:09,635 |$| ERROR |$| File:db.py |$| Line:724 |$| Error: '1064 (42000): You have an error in your SQL syntax; check the manual that corresponds to your MySQL server version for the right syntax to use near '='4' AND is_deleted=0' at line 1'
2022-06-16 11:32:13,177 |$| ERROR |$| File:db.py |$| Line:453 |$| Error: '1364 (HY000): Field 'first_name' doesn't have a default value'
2022-06-16 11:32:13,180 |$| ERROR |$| File:db.py |$| Line:453 |$| Error: '1364 (HY000): Field 'last_name' doesn't have a default value'
2022-06-16 11:32:13,181 |$| ERROR |$| File:db.py |$| Line:453 |$| Error: '1054 (42S22): Unknown column 'extra_column' in 'field list''
2022-06-16 11:32:18,298 |$| ERROR |$| File:db.py |$| Line:920 |$| Error: '1064 (42000): You have an error in your SQL syntax; check the manual that corresponds to your MySQL server version for the right syntax to use near 'WHERE customer_id = 2' at line 1'
2022-06-16 11:32:19,134 |$| ERROR |$| File:db.py |$| Line:963 |$| Error: '1064 (42000): You have an error in your SQL syntax; check the manual that corresponds to your MySQL server version for the right syntax to use near 'WHERE age > '34'' at line 1'
2022-06-16 11:32:19,149 |$| ERROR |$| File:db.py |$| Line:963 |$| Error: '1064 (42000): You have an error in your SQL syntax; check the manual that corresponds to your MySQL server version for the right syntax to use near 'This doesn't make sense' at line 1'
2022-06-16 11:32:20,186 |$| ERROR |$| File:db.py |$| Line:453 |$| Error: '1364 (HY000): Field 'first_name' doesn't have a default value'
2022-06-16 11:32:20,188 |$| ERROR |$| File:db.py |$| Line:453 |$| Error: '1054 (42S22): Unknown column 'NOT_A_COLUMN' in 'field list''
2022-06-16 12:16:46,102 |$| ERROR |$| File:db.py |$| Line:978 |$| Error: '1064 (42000): You have an error in your SQL syntax; check the manual that corresponds to your MySQL server version for the right syntax to use near '(INVALID QUERY) quantity = quantity + 2 WHERE order_id = '7'' at line 1'
2022-06-16 12:16:46,920 |$| ERROR |$| File:db.py |$| Line:997 |$| Error: '1064 (42000): You have an error in your SQL syntax; check the manual that corresponds to your MySQL server version for the right syntax to use near '(INVALID QUERY) WHERE last_name = 'p%'' at line 1'
2022-06-16 12:16:51,021 |$| ERROR |$| File:db.py |$| Line:962 |$| Error: '1064 (42000): You have an error in your SQL syntax; check the manual that corresponds to your MySQL server version for the right syntax to use near 'This doesn't make sense' at line 1'
2022-06-16 12:16:51,998 |$| ERROR |$| File:db.py |$| Line:423 |$| Error: '1049 (42000): Unknown database 'None''
2022-06-16 12:16:52,098 |$| ERROR |$| File:db.py |$| Line:423 |$| Error: '1146 (42S02): Table 'store.None' doesn't exist'
2022-06-16 12:16:52,335 |$| ERROR |$| File:db.py |$| Line:423 |$| Error: '1049 (42000): Unknown database 'None''
2022-06-16 12:17:05,566 |$| ERROR |$| File:db.py |$| Line:838 |$| Error: '1064 (42000): You have an error in your SQL syntax; check the manual that corresponds to your MySQL server version for the right syntax to use near '2'' AND is_deleted=0' at line 1'
2022-06-16 12:17:06,560 |$| ERROR |$| File:db.py |$| Line:791 |$| Error: '1064 (42000): You have an error in your SQL syntax; check the manual that corresponds to your MySQL server version for the right syntax to use near '= '2' AND is_deleted='0'' at line 1'
2022-06-16 12:17:06,589 |$| ERROR |$| File:db.py |$| Line:791 |$| Error: '1064 (42000): You have an error in your SQL syntax; check the manual that corresponds to your MySQL server version for the right syntax to use near 'shouldn't make sense AND is_deleted='0'' at line 1'
2022-06-16 12:17:09,437 |$| ERROR |$| File:db.py |$| Line:723 |$| Error: '1054 (42S22): Unknown column 'not_a_column' in 'where clause''
2022-06-16 12:17:09,450 |$| ERROR |$| File:db.py |$| Line:723 |$| Error: '1064 (42000): You have an error in your SQL syntax; check the manual that corresponds to your MySQL server version for the right syntax to use near '='4' AND is_deleted=0' at line 1'
2022-06-16 12:17:12,469 |$| ERROR |$| File:db.py |$| Line:453 |$| Error: '1364 (HY000): Field 'first_name' doesn't have a default value'
2022-06-16 12:17:12,471 |$| ERROR |$| File:db.py |$| Line:453 |$| Error: '1364 (HY000): Field 'last_name' doesn't have a default value'
2022-06-16 12:17:12,472 |$| ERROR |$| File:db.py |$| Line:453 |$| Error: '1054 (42S22): Unknown column 'extra_column' in 'field list''
2022-06-16 12:17:20,924 |$| ERROR |$| File:db.py |$| Line:919 |$| Error: '1064 (42000): You have an error in your SQL syntax; check the manual that corresponds to your MySQL server version for the right syntax to use near 'WHERE customer_id = 2' at line 1'
2022-06-16 12:17:22,754 |$| ERROR |$| File:db.py |$| Line:962 |$| Error: '1064 (42000): You have an error in your SQL syntax; check the manual that corresponds to your MySQL server version for the right syntax to use near 'WHERE age > '34'' at line 1'
2022-06-16 12:17:22,771 |$| ERROR |$| File:db.py |$| Line:962 |$| Error: '1064 (42000): You have an error in your SQL syntax; check the manual that corresponds to your MySQL server version for the right syntax to use near 'This doesn't make sense' at line 1'
2022-06-16 12:17:24,558 |$| ERROR |$| File:db.py |$| Line:453 |$| Error: '1364 (HY000): Field 'first_name' doesn't have a default value'
2022-06-16 12:17:24,560 |$| ERROR |$| File:db.py |$| Line:453 |$| Error: '1054 (42S22): Unknown column 'NOT_A_COLUMN' in 'field list''
2022-06-16 12:20:50,110 |$| ERROR |$| File:db.py |$| Line:978 |$| Error: '1064 (42000): You have an error in your SQL syntax; check the manual that corresponds to your MySQL server version for the right syntax to use near '(INVALID QUERY) quantity = quantity + 2 WHERE order_id = '7'' at line 1'
2022-06-16 12:20:50,864 |$| ERROR |$| File:db.py |$| Line:997 |$| Error: '1064 (42000): You have an error in your SQL syntax; check the manual that corresponds to your MySQL server version for the right syntax to use near '(INVALID QUERY) WHERE last_name = 'p%'' at line 1'
2022-06-16 12:20:53,904 |$| ERROR |$| File:db.py |$| Line:962 |$| Error: '1064 (42000): You have an error in your SQL syntax; check the manual that corresponds to your MySQL server version for the right syntax to use near 'This doesn't make sense' at line 1'
2022-06-16 12:20:55,902 |$| ERROR |$| File:db.py |$| Line:423 |$| Error: '1049 (42000): Unknown database 'None''
2022-06-16 12:20:55,979 |$| ERROR |$| File:db.py |$| Line:423 |$| Error: '1146 (42S02): Table 'store.None' doesn't exist'
2022-06-16 12:20:56,086 |$| ERROR |$| File:db.py |$| Line:423 |$| Error: '1049 (42000): Unknown database 'None''
2022-06-16 12:21:04,277 |$| ERROR |$| File:db.py |$| Line:838 |$| Error: '1064 (42000): You have an error in your SQL syntax; check the manual that corresponds to your MySQL server version for the right syntax to use near '2'' AND is_deleted=0' at line 1'
2022-06-16 12:21:06,066 |$| ERROR |$| File:db.py |$| Line:791 |$| Error: '1064 (42000): You have an error in your SQL syntax; check the manual that corresponds to your MySQL server version for the right syntax to use near '= '2' AND is_deleted='0'' at line 1'
2022-06-16 12:21:06,094 |$| ERROR |$| File:db.py |$| Line:791 |$| Error: '1064 (42000): You have an error in your SQL syntax; check the manual that corresponds to your MySQL server version for the right syntax to use near 'shouldn't make sense AND is_deleted='0'' at line 1'
2022-06-16 12:21:10,033 |$| ERROR |$| File:db.py |$| Line:723 |$| Error: '1054 (42S22): Unknown column 'not_a_column' in 'where clause''
2022-06-16 12:21:10,047 |$| ERROR |$| File:db.py |$| Line:723 |$| Error: '1064 (42000): You have an error in your SQL syntax; check the manual that corresponds to your MySQL server version for the right syntax to use near '='4' AND is_deleted=0' at line 1'
2022-06-16 12:21:18,931 |$| ERROR |$| File:db.py |$| Line:453 |$| Error: '1364 (HY000): Field 'first_name' doesn't have a default value'
2022-06-16 12:21:18,932 |$| ERROR |$| File:db.py |$| Line:453 |$| Error: '1364 (HY000): Field 'last_name' doesn't have a default value'
2022-06-16 12:21:18,934 |$| ERROR |$| File:db.py |$| Line:453 |$| Error: '1054 (42S22): Unknown column 'extra_column' in 'field list''
2022-06-16 12:21:24,736 |$| ERROR |$| File:db.py |$| Line:919 |$| Error: '1064 (42000): You have an error in your SQL syntax; check the manual that corresponds to your MySQL server version for the right syntax to use near 'WHERE customer_id = 2' at line 1'
2022-06-16 12:21:27,991 |$| ERROR |$| File:db.py |$| Line:962 |$| Error: '1064 (42000): You have an error in your SQL syntax; check the manual that corresponds to your MySQL server version for the right syntax to use near 'WHERE age > '34'' at line 1'
2022-06-16 12:21:28,006 |$| ERROR |$| File:db.py |$| Line:962 |$| Error: '1064 (42000): You have an error in your SQL syntax; check the manual that corresponds to your MySQL server version for the right syntax to use near 'This doesn't make sense' at line 1'
2022-06-16 12:21:29,337 |$| ERROR |$| File:db.py |$| Line:453 |$| Error: '1364 (HY000): Field 'first_name' doesn't have a default value'
2022-06-16 12:21:29,339 |$| ERROR |$| File:db.py |$| Line:453 |$| Error: '1054 (42S22): Unknown column 'NOT_A_COLUMN' in 'field list''
2022-06-16 12:22:55,010 |$| ERROR |$| File:db.py |$| Line:978 |$| Error: '1064 (42000): You have an error in your SQL syntax; check the manual that corresponds to your MySQL server version for the right syntax to use near '(INVALID QUERY) quantity = quantity + 2 WHERE order_id = '7'' at line 1'
2022-06-16 12:22:55,899 |$| ERROR |$| File:db.py |$| Line:997 |$| Error: '1064 (42000): You have an error in your SQL syntax; check the manual that corresponds to your MySQL server version for the right syntax to use near '(INVALID QUERY) WHERE last_name = 'p%'' at line 1'
2022-06-16 12:22:58,967 |$| ERROR |$| File:db.py |$| Line:962 |$| Error: '1064 (42000): You have an error in your SQL syntax; check the manual that corresponds to your MySQL server version for the right syntax to use near 'This doesn't make sense' at line 1'
2022-06-16 12:22:59,711 |$| ERROR |$| File:db.py |$| Line:423 |$| Error: '1049 (42000): Unknown database 'None''
2022-06-16 12:22:59,782 |$| ERROR |$| File:db.py |$| Line:423 |$| Error: '1146 (42S02): Table 'store.None' doesn't exist'
2022-06-16 12:22:59,873 |$| ERROR |$| File:db.py |$| Line:423 |$| Error: '1049 (42000): Unknown database 'None''
2022-06-16 12:23:10,174 |$| ERROR |$| File:db.py |$| Line:838 |$| Error: '1064 (42000): You have an error in your SQL syntax; check the manual that corresponds to your MySQL server version for the right syntax to use near '2'' AND is_deleted=0' at line 1'
2022-06-16 12:23:11,492 |$| ERROR |$| File:db.py |$| Line:791 |$| Error: '1064 (42000): You have an error in your SQL syntax; check the manual that corresponds to your MySQL server version for the right syntax to use near '= '2' AND is_deleted='0'' at line 1'
2022-06-16 12:23:11,521 |$| ERROR |$| File:db.py |$| Line:791 |$| Error: '1064 (42000): You have an error in your SQL syntax; check the manual that corresponds to your MySQL server version for the right syntax to use near 'shouldn't make sense AND is_deleted='0'' at line 1'
2022-06-16 12:23:14,313 |$| ERROR |$| File:db.py |$| Line:723 |$| Error: '1054 (42S22): Unknown column 'not_a_column' in 'where clause''
2022-06-16 12:23:14,328 |$| ERROR |$| File:db.py |$| Line:723 |$| Error: '1064 (42000): You have an error in your SQL syntax; check the manual that corresponds to your MySQL server version for the right syntax to use near '='4' AND is_deleted=0' at line 1'
2022-06-16 12:23:17,041 |$| ERROR |$| File:db.py |$| Line:453 |$| Error: '1364 (HY000): Field 'first_name' doesn't have a default value'
2022-06-16 12:23:17,043 |$| ERROR |$| File:db.py |$| Line:453 |$| Error: '1364 (HY000): Field 'last_name' doesn't have a default value'
2022-06-16 12:23:17,044 |$| ERROR |$| File:db.py |$| Line:453 |$| Error: '1054 (42S22): Unknown column 'extra_column' in 'field list''
2022-06-16 12:23:23,615 |$| ERROR |$| File:db.py |$| Line:919 |$| Error: '1064 (42000): You have an error in your SQL syntax; check the manual that corresponds to your MySQL server version for the right syntax to use near 'WHERE customer_id = 2' at line 1'
2022-06-16 12:23:24,504 |$| ERROR |$| File:db.py |$| Line:962 |$| Error: '1064 (42000): You have an error in your SQL syntax; check the manual that corresponds to your MySQL server version for the right syntax to use near 'WHERE age > '34'' at line 1'
2022-06-16 12:23:24,519 |$| ERROR |$| File:db.py |$| Line:962 |$| Error: '1064 (42000): You have an error in your SQL syntax; check the manual that corresponds to your MySQL server version for the right syntax to use near 'This doesn't make sense' at line 1'
2022-06-16 12:23:25,627 |$| ERROR |$| File:db.py |$| Line:453 |$| Error: '1364 (HY000): Field 'first_name' doesn't have a default value'
2022-06-16 12:23:25,628 |$| ERROR |$| File:db.py |$| Line:453 |$| Error: '1054 (42S22): Unknown column 'NOT_A_COLUMN' in 'field list''
2022-06-16 15:04:21,098 |$| ERROR |$| File:db.py |$| Line:978 |$| Error: '1064 (42000): You have an error in your SQL syntax; check the manual that corresponds to your MySQL server version for the right syntax to use near '(INVALID QUERY) quantity = quantity + 2 WHERE order_id = '7'' at line 1'
2022-06-16 15:04:22,546 |$| ERROR |$| File:db.py |$| Line:997 |$| Error: '1064 (42000): You have an error in your SQL syntax; check the manual that corresponds to your MySQL server version for the right syntax to use near '(INVALID QUERY) WHERE last_name = 'p%'' at line 1'
2022-06-16 15:04:25,660 |$| ERROR |$| File:db.py |$| Line:962 |$| Error: '1064 (42000): You have an error in your SQL syntax; check the manual that corresponds to your MySQL server version for the right syntax to use near 'This doesn't make sense' at line 1'
2022-06-16 15:04:26,409 |$| ERROR |$| File:db.py |$| Line:423 |$| Error: '1049 (42000): Unknown database 'None''
2022-06-16 15:04:26,536 |$| ERROR |$| File:db.py |$| Line:423 |$| Error: '1146 (42S02): Table 'store.None' doesn't exist'
2022-06-16 15:04:26,654 |$| ERROR |$| File:db.py |$| Line:423 |$| Error: '1049 (42000): Unknown database 'None''
2022-06-16 15:04:37,465 |$| ERROR |$| File:db.py |$| Line:838 |$| Error: '1064 (42000): You have an error in your SQL syntax; check the manual that corresponds to your MySQL server version for the right syntax to use near '2'' AND is_deleted=0' at line 1'
2022-06-16 15:04:38,352 |$| ERROR |$| File:db.py |$| Line:791 |$| Error: '1064 (42000): You have an error in your SQL syntax; check the manual that corresponds to your MySQL server version for the right syntax to use near '= '2' AND is_deleted='0'' at line 1'
2022-06-16 15:04:38,379 |$| ERROR |$| File:db.py |$| Line:791 |$| Error: '1064 (42000): You have an error in your SQL syntax; check the manual that corresponds to your MySQL server version for the right syntax to use near 'shouldn't make sense AND is_deleted='0'' at line 1'
2022-06-16 15:04:41,317 |$| ERROR |$| File:db.py |$| Line:723 |$| Error: '1054 (42S22): Unknown column 'not_a_column' in 'where clause''
2022-06-16 15:04:41,330 |$| ERROR |$| File:db.py |$| Line:723 |$| Error: '1064 (42000): You have an error in your SQL syntax; check the manual that corresponds to your MySQL server version for the right syntax to use near '='4' AND is_deleted=0' at line 1'
2022-06-16 15:04:44,578 |$| ERROR |$| File:db.py |$| Line:453 |$| Error: '1364 (HY000): Field 'first_name' doesn't have a default value'
2022-06-16 15:04:44,579 |$| ERROR |$| File:db.py |$| Line:453 |$| Error: '1364 (HY000): Field 'last_name' doesn't have a default value'
2022-06-16 15:04:44,581 |$| ERROR |$| File:db.py |$| Line:453 |$| Error: '1054 (42S22): Unknown column 'extra_column' in 'field list''
2022-06-16 15:04:51,707 |$| ERROR |$| File:db.py |$| Line:919 |$| Error: '1064 (42000): You have an error in your SQL syntax; check the manual that corresponds to your MySQL server version for the right syntax to use near 'WHERE customer_id = 2' at line 1'
2022-06-16 15:04:52,591 |$| ERROR |$| File:db.py |$| Line:962 |$| Error: '1064 (42000): You have an error in your SQL syntax; check the manual that corresponds to your MySQL server version for the right syntax to use near 'WHERE age > '34'' at line 1'
2022-06-16 15:04:52,608 |$| ERROR |$| File:db.py |$| Line:962 |$| Error: '1064 (42000): You have an error in your SQL syntax; check the manual that corresponds to your MySQL server version for the right syntax to use near 'This doesn't make sense' at line 1'
2022-06-16 15:04:54,044 |$| ERROR |$| File:db.py |$| Line:453 |$| Error: '1364 (HY000): Field 'first_name' doesn't have a default value'
2022-06-16 15:04:54,046 |$| ERROR |$| File:db.py |$| Line:453 |$| Error: '1054 (42S22): Unknown column 'NOT_A_COLUMN' in 'field list''
2022-06-16 15:47:22,213 |$| ERROR |$| File:db.py |$| Line:978 |$| Error: '1064 (42000): You have an error in your SQL syntax; check the manual that corresponds to your MySQL server version for the right syntax to use near '(INVALID QUERY) quantity = quantity + 2 WHERE order_id = '7'' at line 1'
2022-06-16 15:47:23,045 |$| ERROR |$| File:db.py |$| Line:997 |$| Error: '1064 (42000): You have an error in your SQL syntax; check the manual that corresponds to your MySQL server version for the right syntax to use near '(INVALID QUERY) WHERE last_name = 'p%'' at line 1'
2022-06-16 15:47:26,347 |$| ERROR |$| File:db.py |$| Line:962 |$| Error: '1064 (42000): You have an error in your SQL syntax; check the manual that corresponds to your MySQL server version for the right syntax to use near 'This doesn't make sense' at line 1'
2022-06-16 15:47:27,879 |$| ERROR |$| File:db.py |$| Line:423 |$| Error: '1049 (42000): Unknown database 'None''
2022-06-16 15:47:27,978 |$| ERROR |$| File:db.py |$| Line:423 |$| Error: '1146 (42S02): Table 'store.None' doesn't exist'
2022-06-16 15:47:28,049 |$| ERROR |$| File:db.py |$| Line:423 |$| Error: '1049 (42000): Unknown database 'None''
2022-06-16 15:47:38,417 |$| ERROR |$| File:db.py |$| Line:838 |$| Error: '1064 (42000): You have an error in your SQL syntax; check the manual that corresponds to your MySQL server version for the right syntax to use near '2'' AND is_deleted=0' at line 1'
2022-06-16 15:47:40,103 |$| ERROR |$| File:db.py |$| Line:791 |$| Error: '1064 (42000): You have an error in your SQL syntax; check the manual that corresponds to your MySQL server version for the right syntax to use near '= '2' AND is_deleted='0'' at line 1'
2022-06-16 15:47:40,130 |$| ERROR |$| File:db.py |$| Line:791 |$| Error: '1064 (42000): You have an error in your SQL syntax; check the manual that corresponds to your MySQL server version for the right syntax to use near 'shouldn't make sense AND is_deleted='0'' at line 1'
2022-06-16 15:47:42,673 |$| ERROR |$| File:db.py |$| Line:723 |$| Error: '1054 (42S22): Unknown column 'not_a_column' in 'where clause''
2022-06-16 15:47:42,689 |$| ERROR |$| File:db.py |$| Line:723 |$| Error: '1064 (42000): You have an error in your SQL syntax; check the manual that corresponds to your MySQL server version for the right syntax to use near '='4' AND is_deleted=0' at line 1'
2022-06-16 15:47:45,565 |$| ERROR |$| File:db.py |$| Line:453 |$| Error: '1364 (HY000): Field 'first_name' doesn't have a default value'
2022-06-16 15:47:45,566 |$| ERROR |$| File:db.py |$| Line:453 |$| Error: '1364 (HY000): Field 'last_name' doesn't have a default value'
2022-06-16 15:47:45,568 |$| ERROR |$| File:db.py |$| Line:453 |$| Error: '1054 (42S22): Unknown column 'extra_column' in 'field list''
2022-06-16 15:47:52,522 |$| ERROR |$| File:db.py |$| Line:919 |$| Error: '1064 (42000): You have an error in your SQL syntax; check the manual that corresponds to your MySQL server version for the right syntax to use near 'WHERE customer_id = 2' at line 1'
2022-06-16 15:47:53,829 |$| ERROR |$| File:db.py |$| Line:962 |$| Error: '1064 (42000): You have an error in your SQL syntax; check the manual that corresponds to your MySQL server version for the right syntax to use near 'WHERE age > '34'' at line 1'
2022-06-16 15:47:53,844 |$| ERROR |$| File:db.py |$| Line:962 |$| Error: '1064 (42000): You have an error in your SQL syntax; check the manual that corresponds to your MySQL server version for the right syntax to use near 'This doesn't make sense' at line 1'
2022-06-16 15:47:56,519 |$| ERROR |$| File:db.py |$| Line:453 |$| Error: '1364 (HY000): Field 'first_name' doesn't have a default value'
2022-06-16 15:47:56,520 |$| ERROR |$| File:db.py |$| Line:453 |$| Error: '1054 (42S22): Unknown column 'NOT_A_COLUMN' in 'field list''
2022-06-16 15:51:16,251 |$| ERROR |$| File:db.py |$| Line:978 |$| Error: '1064 (42000): You have an error in your SQL syntax; check the manual that corresponds to your MySQL server version for the right syntax to use near '(INVALID QUERY) quantity = quantity + 2 WHERE order_id = '7'' at line 1'
2022-06-16 15:51:17,292 |$| ERROR |$| File:db.py |$| Line:997 |$| Error: '1064 (42000): You have an error in your SQL syntax; check the manual that corresponds to your MySQL server version for the right syntax to use near '(INVALID QUERY) WHERE last_name = 'p%'' at line 1'
2022-06-16 15:51:20,213 |$| ERROR |$| File:db.py |$| Line:962 |$| Error: '1064 (42000): You have an error in your SQL syntax; check the manual that corresponds to your MySQL server version for the right syntax to use near 'This doesn't make sense' at line 1'
2022-06-16 15:51:20,969 |$| ERROR |$| File:db.py |$| Line:423 |$| Error: '1049 (42000): Unknown database 'None''
2022-06-16 15:51:21,087 |$| ERROR |$| File:db.py |$| Line:423 |$| Error: '1146 (42S02): Table 'store.None' doesn't exist'
2022-06-16 15:51:21,178 |$| ERROR |$| File:db.py |$| Line:423 |$| Error: '1049 (42000): Unknown database 'None''
2022-06-16 15:51:31,866 |$| ERROR |$| File:db.py |$| Line:838 |$| Error: '1064 (42000): You have an error in your SQL syntax; check the manual that corresponds to your MySQL server version for the right syntax to use near '2'' AND is_deleted=0' at line 1'
2022-06-16 15:51:32,889 |$| ERROR |$| File:db.py |$| Line:791 |$| Error: '1064 (42000): You have an error in your SQL syntax; check the manual that corresponds to your MySQL server version for the right syntax to use near '= '2' AND is_deleted='0'' at line 1'
2022-06-16 15:51:32,921 |$| ERROR |$| File:db.py |$| Line:791 |$| Error: '1064 (42000): You have an error in your SQL syntax; check the manual that corresponds to your MySQL server version for the right syntax to use near 'shouldn't make sense AND is_deleted='0'' at line 1'
2022-06-16 15:51:35,129 |$| ERROR |$| File:db.py |$| Line:723 |$| Error: '1054 (42S22): Unknown column 'not_a_column' in 'where clause''
2022-06-16 15:51:35,144 |$| ERROR |$| File:db.py |$| Line:723 |$| Error: '1064 (42000): You have an error in your SQL syntax; check the manual that corresponds to your MySQL server version for the right syntax to use near '='4' AND is_deleted=0' at line 1'
2022-06-16 15:51:37,867 |$| ERROR |$| File:db.py |$| Line:453 |$| Error: '1364 (HY000): Field 'first_name' doesn't have a default value'
2022-06-16 15:51:37,869 |$| ERROR |$| File:db.py |$| Line:453 |$| Error: '1364 (HY000): Field 'last_name' doesn't have a default value'
2022-06-16 15:51:37,871 |$| ERROR |$| File:db.py |$| Line:453 |$| Error: '1054 (42S22): Unknown column 'extra_column' in 'field list''
2022-06-16 15:51:51,044 |$| ERROR |$| File:db.py |$| Line:919 |$| Error: '1064 (42000): You have an error in your SQL syntax; check the manual that corresponds to your MySQL server version for the right syntax to use near 'WHERE customer_id = 2' at line 1'
2022-06-16 15:51:51,929 |$| ERROR |$| File:db.py |$| Line:962 |$| Error: '1064 (42000): You have an error in your SQL syntax; check the manual that corresponds to your MySQL server version for the right syntax to use near 'WHERE age > '34'' at line 1'
2022-06-16 15:51:51,944 |$| ERROR |$| File:db.py |$| Line:962 |$| Error: '1064 (42000): You have an error in your SQL syntax; check the manual that corresponds to your MySQL server version for the right syntax to use near 'This doesn't make sense' at line 1'
2022-06-16 15:51:53,053 |$| ERROR |$| File:db.py |$| Line:453 |$| Error: '1364 (HY000): Field 'first_name' doesn't have a default value'
2022-06-16 15:51:53,054 |$| ERROR |$| File:db.py |$| Line:453 |$| Error: '1054 (42S22): Unknown column 'NOT_A_COLUMN' in 'field list''
2022-06-16 15:52:41,856 |$| ERROR |$| File:db.py |$| Line:978 |$| Error: '1064 (42000): You have an error in your SQL syntax; check the manual that corresponds to your MySQL server version for the right syntax to use near '(INVALID QUERY) quantity = quantity + 2 WHERE order_id = '7'' at line 1'
2022-06-16 15:52:43,042 |$| ERROR |$| File:db.py |$| Line:997 |$| Error: '1064 (42000): You have an error in your SQL syntax; check the manual that corresponds to your MySQL server version for the right syntax to use near '(INVALID QUERY) WHERE last_name = 'p%'' at line 1'
2022-06-16 15:52:46,042 |$| ERROR |$| File:db.py |$| Line:962 |$| Error: '1064 (42000): You have an error in your SQL syntax; check the manual that corresponds to your MySQL server version for the right syntax to use near 'This doesn't make sense' at line 1'
2022-06-16 15:52:48,581 |$| ERROR |$| File:db.py |$| Line:423 |$| Error: '1049 (42000): Unknown database 'None''
2022-06-16 15:52:48,673 |$| ERROR |$| File:db.py |$| Line:423 |$| Error: '1146 (42S02): Table 'store.None' doesn't exist'
2022-06-16 15:52:48,754 |$| ERROR |$| File:db.py |$| Line:423 |$| Error: '1049 (42000): Unknown database 'None''
2022-06-16 15:52:56,442 |$| ERROR |$| File:db.py |$| Line:838 |$| Error: '1064 (42000): You have an error in your SQL syntax; check the manual that corresponds to your MySQL server version for the right syntax to use near '2'' AND is_deleted=0' at line 1'
2022-06-16 15:52:57,404 |$| ERROR |$| File:db.py |$| Line:791 |$| Error: '1064 (42000): You have an error in your SQL syntax; check the manual that corresponds to your MySQL server version for the right syntax to use near '= '2' AND is_deleted='0'' at line 1'
2022-06-16 15:52:57,431 |$| ERROR |$| File:db.py |$| Line:791 |$| Error: '1064 (42000): You have an error in your SQL syntax; check the manual that corresponds to your MySQL server version for the right syntax to use near 'shouldn't make sense AND is_deleted='0'' at line 1'
2022-06-16 15:53:00,735 |$| ERROR |$| File:db.py |$| Line:723 |$| Error: '1054 (42S22): Unknown column 'not_a_column' in 'where clause''
2022-06-16 15:53:00,750 |$| ERROR |$| File:db.py |$| Line:723 |$| Error: '1064 (42000): You have an error in your SQL syntax; check the manual that corresponds to your MySQL server version for the right syntax to use near '='4' AND is_deleted=0' at line 1'
2022-06-16 15:53:04,689 |$| ERROR |$| File:db.py |$| Line:453 |$| Error: '1364 (HY000): Field 'first_name' doesn't have a default value'
2022-06-16 15:53:04,691 |$| ERROR |$| File:db.py |$| Line:453 |$| Error: '1364 (HY000): Field 'last_name' doesn't have a default value'
2022-06-16 15:53:04,693 |$| ERROR |$| File:db.py |$| Line:453 |$| Error: '1054 (42S22): Unknown column 'extra_column' in 'field list''
2022-06-16 15:53:11,485 |$| ERROR |$| File:db.py |$| Line:919 |$| Error: '1064 (42000): You have an error in your SQL syntax; check the manual that corresponds to your MySQL server version for the right syntax to use near 'WHERE customer_id = 2' at line 1'
2022-06-16 15:53:12,338 |$| ERROR |$| File:db.py |$| Line:962 |$| Error: '1064 (42000): You have an error in your SQL syntax; check the manual that corresponds to your MySQL server version for the right syntax to use near 'WHERE age > '34'' at line 1'
2022-06-16 15:53:12,352 |$| ERROR |$| File:db.py |$| Line:962 |$| Error: '1064 (42000): You have an error in your SQL syntax; check the manual that corresponds to your MySQL server version for the right syntax to use near 'This doesn't make sense' at line 1'
2022-06-16 15:53:13,705 |$| ERROR |$| File:db.py |$| Line:453 |$| Error: '1364 (HY000): Field 'first_name' doesn't have a default value'
2022-06-16 15:53:13,706 |$| ERROR |$| File:db.py |$| Line:453 |$| Error: '1054 (42S22): Unknown column 'NOT_A_COLUMN' in 'field list''
2022-06-16 15:55:11,421 |$| ERROR |$| File:db.py |$| Line:978 |$| Error: '1064 (42000): You have an error in your SQL syntax; check the manual that corresponds to your MySQL server version for the right syntax to use near '(INVALID QUERY) quantity = quantity + 2 WHERE order_id = '7'' at line 1'
2022-06-16 15:55:12,503 |$| ERROR |$| File:db.py |$| Line:997 |$| Error: '1064 (42000): You have an error in your SQL syntax; check the manual that corresponds to your MySQL server version for the right syntax to use near '(INVALID QUERY) WHERE last_name = 'p%'' at line 1'
2022-06-16 15:55:15,547 |$| ERROR |$| File:db.py |$| Line:962 |$| Error: '1064 (42000): You have an error in your SQL syntax; check the manual that corresponds to your MySQL server version for the right syntax to use near 'This doesn't make sense' at line 1'
2022-06-16 15:55:16,373 |$| ERROR |$| File:db.py |$| Line:423 |$| Error: '1049 (42000): Unknown database 'None''
2022-06-16 15:55:16,442 |$| ERROR |$| File:db.py |$| Line:423 |$| Error: '1146 (42S02): Table 'store.None' doesn't exist'
2022-06-16 15:55:16,605 |$| ERROR |$| File:db.py |$| Line:423 |$| Error: '1049 (42000): Unknown database 'None''
2022-06-16 15:55:26,339 |$| ERROR |$| File:db.py |$| Line:838 |$| Error: '1064 (42000): You have an error in your SQL syntax; check the manual that corresponds to your MySQL server version for the right syntax to use near '2'' AND is_deleted=0' at line 1'
2022-06-16 15:55:27,609 |$| ERROR |$| File:db.py |$| Line:791 |$| Error: '1064 (42000): You have an error in your SQL syntax; check the manual that corresponds to your MySQL server version for the right syntax to use near '= '2' AND is_deleted='0'' at line 1'
2022-06-16 15:55:27,638 |$| ERROR |$| File:db.py |$| Line:791 |$| Error: '1064 (42000): You have an error in your SQL syntax; check the manual that corresponds to your MySQL server version for the right syntax to use near 'shouldn't make sense AND is_deleted='0'' at line 1'
2022-06-16 15:55:30,018 |$| ERROR |$| File:db.py |$| Line:723 |$| Error: '1054 (42S22): Unknown column 'not_a_column' in 'where clause''
2022-06-16 15:55:30,034 |$| ERROR |$| File:db.py |$| Line:723 |$| Error: '1064 (42000): You have an error in your SQL syntax; check the manual that corresponds to your MySQL server version for the right syntax to use near '='4' AND is_deleted=0' at line 1'
2022-06-16 15:55:33,156 |$| ERROR |$| File:db.py |$| Line:453 |$| Error: '1364 (HY000): Field 'first_name' doesn't have a default value'
2022-06-16 15:55:33,158 |$| ERROR |$| File:db.py |$| Line:453 |$| Error: '1364 (HY000): Field 'last_name' doesn't have a default value'
2022-06-16 15:55:33,160 |$| ERROR |$| File:db.py |$| Line:453 |$| Error: '1054 (42S22): Unknown column 'extra_column' in 'field list''
2022-06-16 15:55:40,470 |$| ERROR |$| File:db.py |$| Line:919 |$| Error: '1064 (42000): You have an error in your SQL syntax; check the manual that corresponds to your MySQL server version for the right syntax to use near 'WHERE customer_id = 2' at line 1'
2022-06-16 15:55:41,498 |$| ERROR |$| File:db.py |$| Line:962 |$| Error: '1064 (42000): You have an error in your SQL syntax; check the manual that corresponds to your MySQL server version for the right syntax to use near 'WHERE age > '34'' at line 1'
2022-06-16 15:55:41,512 |$| ERROR |$| File:db.py |$| Line:962 |$| Error: '1064 (42000): You have an error in your SQL syntax; check the manual that corresponds to your MySQL server version for the right syntax to use near 'This doesn't make sense' at line 1'
2022-06-16 15:55:42,842 |$| ERROR |$| File:db.py |$| Line:453 |$| Error: '1364 (HY000): Field 'first_name' doesn't have a default value'
2022-06-16 15:55:42,843 |$| ERROR |$| File:db.py |$| Line:453 |$| Error: '1054 (42S22): Unknown column 'NOT_A_COLUMN' in 'field list''
2022-06-16 16:21:55,095 |$| ERROR |$| File:db.py |$| Line:978 |$| Error: '1064 (42000): You have an error in your SQL syntax; check the manual that corresponds to your MySQL server version for the right syntax to use near '(INVALID QUERY) quantity = quantity + 2 WHERE order_id = '7'' at line 1'
2022-06-16 16:21:55,968 |$| ERROR |$| File:db.py |$| Line:997 |$| Error: '1064 (42000): You have an error in your SQL syntax; check the manual that corresponds to your MySQL server version for the right syntax to use near '(INVALID QUERY) WHERE last_name = 'p%'' at line 1'
2022-06-16 16:22:00,788 |$| ERROR |$| File:db.py |$| Line:962 |$| Error: '1064 (42000): You have an error in your SQL syntax; check the manual that corresponds to your MySQL server version for the right syntax to use near 'This doesn't make sense' at line 1'
2022-06-16 16:22:01,514 |$| ERROR |$| File:db.py |$| Line:423 |$| Error: '1049 (42000): Unknown database 'None''
2022-06-16 16:22:01,653 |$| ERROR |$| File:db.py |$| Line:423 |$| Error: '1146 (42S02): Table 'store.None' doesn't exist'
2022-06-16 16:22:01,746 |$| ERROR |$| File:db.py |$| Line:423 |$| Error: '1049 (42000): Unknown database 'None''
2022-06-16 16:22:10,552 |$| ERROR |$| File:db.py |$| Line:838 |$| Error: '1064 (42000): You have an error in your SQL syntax; check the manual that corresponds to your MySQL server version for the right syntax to use near '2'' AND is_deleted=0' at line 1'
2022-06-16 16:22:11,593 |$| ERROR |$| File:db.py |$| Line:791 |$| Error: '1064 (42000): You have an error in your SQL syntax; check the manual that corresponds to your MySQL server version for the right syntax to use near '= '2' AND is_deleted='0'' at line 1'
2022-06-16 16:22:11,621 |$| ERROR |$| File:db.py |$| Line:791 |$| Error: '1064 (42000): You have an error in your SQL syntax; check the manual that corresponds to your MySQL server version for the right syntax to use near 'shouldn't make sense AND is_deleted='0'' at line 1'
2022-06-16 16:22:15,296 |$| ERROR |$| File:db.py |$| Line:723 |$| Error: '1054 (42S22): Unknown column 'not_a_column' in 'where clause''
2022-06-16 16:22:15,313 |$| ERROR |$| File:db.py |$| Line:723 |$| Error: '1064 (42000): You have an error in your SQL syntax; check the manual that corresponds to your MySQL server version for the right syntax to use near '='4' AND is_deleted=0' at line 1'
2022-06-16 16:22:18,221 |$| ERROR |$| File:db.py |$| Line:453 |$| Error: '1364 (HY000): Field 'first_name' doesn't have a default value'
2022-06-16 16:22:18,223 |$| ERROR |$| File:db.py |$| Line:453 |$| Error: '1364 (HY000): Field 'last_name' doesn't have a default value'
2022-06-16 16:22:18,225 |$| ERROR |$| File:db.py |$| Line:453 |$| Error: '1054 (42S22): Unknown column 'extra_column' in 'field list''
2022-06-16 16:22:25,337 |$| ERROR |$| File:db.py |$| Line:919 |$| Error: '1064 (42000): You have an error in your SQL syntax; check the manual that corresponds to your MySQL server version for the right syntax to use near 'WHERE customer_id = 2' at line 1'
2022-06-16 16:22:26,126 |$| ERROR |$| File:db.py |$| Line:962 |$| Error: '1064 (42000): You have an error in your SQL syntax; check the manual that corresponds to your MySQL server version for the right syntax to use near 'WHERE age > '34'' at line 1'
2022-06-16 16:22:26,139 |$| ERROR |$| File:db.py |$| Line:962 |$| Error: '1064 (42000): You have an error in your SQL syntax; check the manual that corresponds to your MySQL server version for the right syntax to use near 'This doesn't make sense' at line 1'
2022-06-16 16:22:27,407 |$| ERROR |$| File:db.py |$| Line:453 |$| Error: '1364 (HY000): Field 'first_name' doesn't have a default value'
2022-06-16 16:22:27,409 |$| ERROR |$| File:db.py |$| Line:453 |$| Error: '1054 (42S22): Unknown column 'NOT_A_COLUMN' in 'field list''
2022-06-17 15:28:15,118 |$| ERROR |$| File:db.py |$| Line:978 |$| Error: '1064 (42000): You have an error in your SQL syntax; check the manual that corresponds to your MySQL server version for the right syntax to use near '(INVALID QUERY) quantity = quantity + 2 WHERE order_id = '7'' at line 1'
2022-06-17 15:28:16,671 |$| ERROR |$| File:db.py |$| Line:997 |$| Error: '1064 (42000): You have an error in your SQL syntax; check the manual that corresponds to your MySQL server version for the right syntax to use near '(INVALID QUERY) WHERE last_name = 'p%'' at line 1'
2022-06-17 15:28:19,271 |$| ERROR |$| File:db.py |$| Line:962 |$| Error: '1064 (42000): You have an error in your SQL syntax; check the manual that corresponds to your MySQL server version for the right syntax to use near 'This doesn't make sense' at line 1'
2022-06-17 15:28:20,807 |$| ERROR |$| File:db.py |$| Line:423 |$| Error: '1049 (42000): Unknown database 'None''
2022-06-17 15:28:20,914 |$| ERROR |$| File:db.py |$| Line:423 |$| Error: '1146 (42S02): Table 'store.None' doesn't exist'
2022-06-17 15:28:21,007 |$| ERROR |$| File:db.py |$| Line:423 |$| Error: '1049 (42000): Unknown database 'None''
2022-06-17 15:28:31,880 |$| ERROR |$| File:db.py |$| Line:838 |$| Error: '1064 (42000): You have an error in your SQL syntax; check the manual that corresponds to your MySQL server version for the right syntax to use near '2'' AND is_deleted=0' at line 1'
2022-06-17 15:28:32,792 |$| ERROR |$| File:db.py |$| Line:791 |$| Error: '1064 (42000): You have an error in your SQL syntax; check the manual that corresponds to your MySQL server version for the right syntax to use near '= '2' AND is_deleted='0'' at line 1'
2022-06-17 15:28:32,821 |$| ERROR |$| File:db.py |$| Line:791 |$| Error: '1064 (42000): You have an error in your SQL syntax; check the manual that corresponds to your MySQL server version for the right syntax to use near 'shouldn't make sense AND is_deleted='0'' at line 1'
2022-06-17 15:28:35,332 |$| ERROR |$| File:db.py |$| Line:723 |$| Error: '1054 (42S22): Unknown column 'not_a_column' in 'where clause''
2022-06-17 15:28:35,347 |$| ERROR |$| File:db.py |$| Line:723 |$| Error: '1064 (42000): You have an error in your SQL syntax; check the manual that corresponds to your MySQL server version for the right syntax to use near '='4' AND is_deleted=0' at line 1'
2022-06-17 15:28:38,105 |$| ERROR |$| File:db.py |$| Line:453 |$| Error: '1364 (HY000): Field 'first_name' doesn't have a default value'
2022-06-17 15:28:38,108 |$| ERROR |$| File:db.py |$| Line:453 |$| Error: '1364 (HY000): Field 'last_name' doesn't have a default value'
2022-06-17 15:28:38,109 |$| ERROR |$| File:db.py |$| Line:453 |$| Error: '1054 (42S22): Unknown column 'extra_column' in 'field list''
2022-06-17 15:28:44,627 |$| ERROR |$| File:db.py |$| Line:919 |$| Error: '1064 (42000): You have an error in your SQL syntax; check the manual that corresponds to your MySQL server version for the right syntax to use near 'WHERE customer_id = 2' at line 1'
2022-06-17 15:28:45,703 |$| ERROR |$| File:db.py |$| Line:962 |$| Error: '1064 (42000): You have an error in your SQL syntax; check the manual that corresponds to your MySQL server version for the right syntax to use near 'WHERE age > '34'' at line 1'
2022-06-17 15:28:45,729 |$| ERROR |$| File:db.py |$| Line:962 |$| Error: '1064 (42000): You have an error in your SQL syntax; check the manual that corresponds to your MySQL server version for the right syntax to use near 'This doesn't make sense' at line 1'
2022-06-17 15:28:46,729 |$| ERROR |$| File:db.py |$| Line:453 |$| Error: '1364 (HY000): Field 'first_name' doesn't have a default value'
2022-06-17 15:28:46,731 |$| ERROR |$| File:db.py |$| Line:453 |$| Error: '1054 (42S22): Unknown column 'NOT_A_COLUMN' in 'field list''
2022-06-17 15:39:01,783 |$| ERROR |$| File:db.py |$| Line:978 |$| Error: '1064 (42000): You have an error in your SQL syntax; check the manual that corresponds to your MySQL server version for the right syntax to use near '(INVALID QUERY) quantity = quantity + 2 WHERE order_id = '7'' at line 1'
2022-06-17 15:39:02,917 |$| ERROR |$| File:db.py |$| Line:997 |$| Error: '1064 (42000): You have an error in your SQL syntax; check the manual that corresponds to your MySQL server version for the right syntax to use near '(INVALID QUERY) WHERE last_name = 'p%'' at line 1'
2022-06-17 15:39:05,743 |$| ERROR |$| File:db.py |$| Line:962 |$| Error: '1064 (42000): You have an error in your SQL syntax; check the manual that corresponds to your MySQL server version for the right syntax to use near 'This doesn't make sense' at line 1'
2022-06-17 15:39:06,618 |$| ERROR |$| File:db.py |$| Line:423 |$| Error: '1049 (42000): Unknown database 'None''
2022-06-17 15:39:06,681 |$| ERROR |$| File:db.py |$| Line:423 |$| Error: '1146 (42S02): Table 'store.None' doesn't exist'
2022-06-17 15:39:06,774 |$| ERROR |$| File:db.py |$| Line:423 |$| Error: '1049 (42000): Unknown database 'None''
2022-06-17 15:39:17,071 |$| ERROR |$| File:db.py |$| Line:838 |$| Error: '1064 (42000): You have an error in your SQL syntax; check the manual that corresponds to your MySQL server version for the right syntax to use near '2'' AND is_deleted=0' at line 1'
2022-06-17 15:39:18,060 |$| ERROR |$| File:db.py |$| Line:791 |$| Error: '1064 (42000): You have an error in your SQL syntax; check the manual that corresponds to your MySQL server version for the right syntax to use near '= '2' AND is_deleted='0'' at line 1'
2022-06-17 15:39:18,090 |$| ERROR |$| File:db.py |$| Line:791 |$| Error: '1064 (42000): You have an error in your SQL syntax; check the manual that corresponds to your MySQL server version for the right syntax to use near 'shouldn't make sense AND is_deleted='0'' at line 1'
2022-06-17 15:39:20,604 |$| ERROR |$| File:db.py |$| Line:723 |$| Error: '1054 (42S22): Unknown column 'not_a_column' in 'where clause''
2022-06-17 15:39:20,619 |$| ERROR |$| File:db.py |$| Line:723 |$| Error: '1064 (42000): You have an error in your SQL syntax; check the manual that corresponds to your MySQL server version for the right syntax to use near '='4' AND is_deleted=0' at line 1'
2022-06-17 15:39:24,606 |$| ERROR |$| File:db.py |$| Line:453 |$| Error: '1364 (HY000): Field 'first_name' doesn't have a default value'
2022-06-17 15:39:24,608 |$| ERROR |$| File:db.py |$| Line:453 |$| Error: '1364 (HY000): Field 'last_name' doesn't have a default value'
2022-06-17 15:39:24,610 |$| ERROR |$| File:db.py |$| Line:453 |$| Error: '1054 (42S22): Unknown column 'extra_column' in 'field list''
2022-06-17 15:39:30,064 |$| ERROR |$| File:db.py |$| Line:919 |$| Error: '1064 (42000): You have an error in your SQL syntax; check the manual that corresponds to your MySQL server version for the right syntax to use near 'WHERE customer_id = 2' at line 1'
2022-06-17 15:39:33,111 |$| ERROR |$| File:db.py |$| Line:962 |$| Error: '1064 (42000): You have an error in your SQL syntax; check the manual that corresponds to your MySQL server version for the right syntax to use near 'WHERE age > '34'' at line 1'
2022-06-17 15:39:33,125 |$| ERROR |$| File:db.py |$| Line:962 |$| Error: '1064 (42000): You have an error in your SQL syntax; check the manual that corresponds to your MySQL server version for the right syntax to use near 'This doesn't make sense' at line 1'
2022-06-17 15:39:34,056 |$| ERROR |$| File:db.py |$| Line:453 |$| Error: '1364 (HY000): Field 'first_name' doesn't have a default value'
2022-06-17 15:39:34,057 |$| ERROR |$| File:db.py |$| Line:453 |$| Error: '1054 (42S22): Unknown column 'NOT_A_COLUMN' in 'field list''
2022-06-17 15:41:00,812 |$| ERROR |$| File:db.py |$| Line:453 |$| Error: '1364 (HY000): Field 'first_name' doesn't have a default value'
2022-06-17 15:41:00,813 |$| ERROR |$| File:db.py |$| Line:453 |$| Error: '1054 (42S22): Unknown column 'NOT_A_COLUMN' in 'field list''
2022-06-20 12:28:47,776 |$| ERROR |$| File:db.py |$| Line:453 |$| Error: '1364 (HY000): Field 'first_name' doesn't have a default value'
2022-06-20 12:28:47,779 |$| ERROR |$| File:db.py |$| Line:453 |$| Error: '1054 (42S22): Unknown column 'NOT_A_COLUMN' in 'field list''
